<?xml version="1.0" encoding="UTF-8"?>
<testsuite xmlns:xsi="http://www.w3.org/2001/XMLSchema-instance" xsi:noNamespaceSchemaLocation="https://maven.apache.org/surefire/maven-surefire-plugin/xsd/surefire-test-report-3.0.xsd" version="3.0" name="com.epam.trip.service.impl.BookingServiceImplTest" time="2.03" tests="24" errors="0" skipped="0" failures="0">
  <properties>
[...]
</properties>
  <testcase name="testUpdate_NullId_ThrowsException" classname="com.epam.trip.service.impl.BookingServiceImplTest" time="1.845">
    <system-err><![CDATA[WARNING: A Java agent has been loaded dynamically (C:\Users\i7\.m2\repository\net\bytebuddy\byte-buddy-agent\1.14.4\byte-buddy-agent-1.14.4.jar)
WARNING: If a serviceability tool is in use, please run with -XX:+EnableDynamicAgentLoading to hide this warning
WARNING: If a serviceability tool is not in use, please run with -Djdk.instrument.traceUsage for more information
WARNING: Dynamic loading of agents will be disallowed by default in a future release
]]></system-err>
  </testcase>
  <testcase name="testFindByServiceType_ReturnsFilteredBookings" classname="com.epam.trip.service.impl.BookingServiceImplTest" time="0.025"/>
  <testcase name="testSave_EmptyServiceType_ThrowsException" classname="com.epam.trip.service.impl.BookingServiceImplTest" time="0.004"/>
  <testcase name="testCancelBooking_ExistingBooking_ReturnsTrue" classname="com.epam.trip.service.impl.BookingServiceImplTest" time="0.015"/>
  <testcase name="testFindAll_ReturnsAllBookings" classname="com.epam.trip.service.impl.BookingServiceImplTest" time="0.004"/>
  <testcase name="testDelete_ValidId_DeletesBooking" classname="com.epam.trip.service.impl.BookingServiceImplTest" time="0.002"/>
  <testcase name="testSave_NegativePrice_ThrowsException" classname="com.epam.trip.service.impl.BookingServiceImplTest" time="0.001"/>
  <testcase name="testFindById_ValidId_ReturnsBooking" classname="com.epam.trip.service.impl.BookingServiceImplTest" time="0.002"/>
  <testcase name="testConfirmBooking_AlreadyConfirmed_ReturnsFalse" classname="com.epam.trip.service.impl.BookingServiceImplTest" time="0.003"/>
  <testcase name="testConfirmBooking_PendingBooking_ReturnsTrue" classname="com.epam.trip.service.impl.BookingServiceImplTest" time="0.002"/>
  <testcase name="testSave_BookingWithExistingStatus_KeepsStatus" classname="com.epam.trip.service.impl.BookingServiceImplTest" time="0.002"/>
  <testcase name="testSave_NullUserId_ThrowsException" classname="com.epam.trip.service.impl.BookingServiceImplTest" time="0.002"/>
  <testcase name="testSave_ValidBooking_SetsPendingStatusAndSaves" classname="com.epam.trip.service.impl.BookingServiceImplTest" time="0.002"/>
  <testcase name="testSave_NullServiceId_ThrowsException" classname="com.epam.trip.service.impl.BookingServiceImplTest" time="0.001"/>
  <testcase name="testUpdate_ValidBooking_UpdatesBooking" classname="com.epam.trip.service.impl.BookingServiceImplTest" time="0.002"/>
  <testcase name="testFindById_NullId_ThrowsException" classname="com.epam.trip.service.impl.BookingServiceImplTest" time="0.002"/>
  <testcase name="testSave_NullServiceType_ThrowsException" classname="com.epam.trip.service.impl.BookingServiceImplTest" time="0.002"/>
  <testcase name="testCancelBooking_AlreadyCancelled_ReturnsFalse" classname="com.epam.trip.service.impl.BookingServiceImplTest" time="0.002"/>
  <testcase name="testDelete_NullId_ThrowsException" classname="com.epam.trip.service.impl.BookingServiceImplTest" time="0.002"/>
  <testcase name="testFindById_NegativeId_ThrowsException" classname="com.epam.trip.service.impl.BookingServiceImplTest" time="0.001"/>
  <testcase name="testFindByStatus_ReturnsFilteredBookings" classname="com.epam.trip.service.impl.BookingServiceImplTest" time="0.002"/>
  <testcase name="testSave_NullBooking_ThrowsException" classname="com.epam.trip.service.impl.BookingServiceImplTest" time="0.001"/>
  <testcase name="testConfirmBooking_NullBooking_ReturnsFalse" classname="com.epam.trip.service.impl.BookingServiceImplTest" time="0.0"/>
  <testcase name="testFindByUserId_ReturnsFilteredBookings" classname="com.epam.trip.service.impl.BookingServiceImplTest" time="0.003"/>
</testsuite>